nohup: ignoring input
/home/jovyan/miniconda3/envs/kg/lib/python3.10/site-packages/pydantic/_internal/_generate_schema.py:502: UserWarning: <built-in function array> is not a Python type (it may be an instance of an object), Pydantic will allow any object with no validation since we cannot even enforce that the input is an instance of the given type. To get rid of this error wrap the type with `pydantic.SkipValidation`.
  warn(
INFO --- [] added to the abstract
INFO --- [] added to the abstract
INFO --- [] added to the abstract
INFO --- [{'chemical': 'Polyphenols'}] added to the abstract
INFO --- [] added to the abstract
[INFO] ------- Extracting Entities from the Document 1
INFO --- alzheimer's disease add unique_id and label
INFO --- polyphenols add unique_id and label
INFO --- polyphenols add unique_id and label
{'entities': [{'label': 'disease', 'name': "Alzheimer's Disease", 'properties': {'unique_id': 'MESH:D000544'}}, {'label': 'chemical', 'name': 'Polyphenols', 'properties': {'unique_id': 'MESH:D059808'}}, {'label': 'Processes', 'name': 'Fibril-destabilizing effects', 'properties': {}}, {'label': 'chemical', 'name': 'Polyphenols', 'properties': {'unique_id': 'MESH:D059808'}}]}
[INFO] ------- Extracting Relations from the Document 1
{'relationships': [{'startNode': {'name': 'polyphenols', 'label': 'chemical'}, 'endNode': {'name': 'fibril destabilizing effects', 'label': 'Processes'}, 'name': 'has effect'}, {'startNode': {'name': 'fibril destabilizing effects', 'label': 'Processes'}, 'endNode': {'name': "alzheimer' s disease", 'label': 'disease'}, 'name': 'impacts'}]}
[INFO] Verification of invented entities
[INFO][INVENTED ENTITIES] Aie; the entities label='disease' name="alzheimer' s disease" properties=EntityProperties(embeddings=None) properties_info={} is invented. Solving it ...
[INFO] Wohoo!  0.5599207492440196 >= 0.9 Entity was matched --- [alzheimer' s disease:disease] --merged--> [alzheimer' s disease:disease]
[INFO] ------- remove duplicate entities and relationships by unique_id {'MESH:D000544': ["alzheimer's disease"], 'MESH:D059808': ['polyphenols']}
INFO ---- Removing isolated entities []
INFO --- AD added to the abstract
INFO --- cognitively impaired added to the abstract
INFO --- CI added to the abstract
INFO --- cognitive decline added to the abstract
INFO --- Abeta added to the abstract
INFO --- tau added to the abstract
INFO --- Tau added to the abstract
INFO --- [] added to the abstract
INFO --- [] added to the abstract
INFO --- [{'chemical': '18F-florbetapir'}, {'chemical': '18F-MK6240'}] added to the abstract
INFO --- [] added to the abstract
[INFO] ------- Extracting Entities from the Document 1
INFO --- alzheimer's disease add unique_id and label
INFO --- ad add unique_id and label
INFO --- cognitively impaired add unique_id and label
INFO --- ci add unique_id and label
INFO --- cognitive decline add unique_id and label
INFO --- abeta add unique_id and label
INFO --- tau add unique_id and label
INFO --- tau add unique_id and label
INFO --- 18f-florbetapir add unique_id and label
INFO --- 18f-mk6240 add unique_id and label
{'entities': [{'label': 'disease', 'name': "Alzheimer's disease", 'properties': {'unique_id': 'MESH:D000544'}}, {'label': 'disease', 'name': 'AD', 'properties': {'unique_id': 'MESH:D000544'}}, {'label': 'disease', 'name': 'cognitively impaired', 'properties': {'unique_id': 'MESH:D003072'}}, {'label': 'disease', 'name': 'CI', 'properties': {'unique_id': 'MESH:D003072'}}, {'label': 'disease', 'name': 'cognitive decline', 'properties': {'unique_id': 'MESH:D003072'}}, {'label': 'gene', 'name': 'Abeta', 'properties': {'unique_id': 'Gene ID:351'}}, {'label': 'gene', 'name': 'tau', 'properties': {'unique_id': 'Gene ID:4137'}}, {'label': 'Protein', 'name': 'beta-amyloid', 'properties': {}}, {'label': 'gene', 'name': 'tau', 'properties': {'unique_id': 'Gene ID:4137'}}, {'label': 'chemical', 'name': '18F-florbetapir', 'properties': {'unique_id': 'MESH:C545186'}}, {'label': 'chemical', 'name': '18F-MK6240', 'properties': {'unique_id': '-'}}]}
[INFO] ------- Extracting Relations from the Document 1
{'relationships': [{'startNode': {'name': 'ci', 'label': 'disease'}, 'endNode': {'name': 'cognitive decline', 'label': 'disease'}, 'name': 'is associated with'}, {'startNode': {'name': 'tau', 'label': 'gene'}, 'endNode': {'name': '18F MK6240', 'label': 'chemical'}, 'name': 'relates to'}, {'startNode': {'name': 'abeta', 'label': 'gene'}, 'endNode': {'name': 'beta amyloid', 'label': 'Protein'}, 'name': 'produces'}, {'startNode': {'name': 'abeta', 'label': 'gene'}, 'endNode': {'name': '18F florbetapir', 'label': 'chemical'}, 'name': 'is traced by'}, {'startNode': {'name': 'cognitive decline', 'label': 'disease'}, 'endNode': {'name': "Alzheimer's disease", 'label': 'disease'}, 'name': 'is a symptom of'}, {'startNode': {'name': 'ci', 'label': 'disease'}, 'endNode': {'name': "Alzheimer's disease", 'label': 'disease'}, 'name': 'is associated with'}, {'startNode': {'name': 'tau', 'label': 'gene'}, 'endNode': {'name': 'cognitive decline', 'label': 'disease'}, 'name': 'contributes to'}, {'startNode': {'name': 'abeta', 'label': 'gene'}, 'endNode': {'name': 'cognitive decline', 'label': 'disease'}, 'name': 'contributes to'}]}
[INFO] Verification of invented entities
{'relationships': [{'startNode': {'label': 'disease', 'name': 'cognitively impaired'}, 'endNode': {'label': 'disease', 'name': "alzheimer's disease"}, 'name': 'is associated with'}, {'startNode': {'label': 'gene', 'name': 'tau'}, 'endNode': {'label': 'disease', 'name': "alzheimer's disease"}, 'name': 'is associated with'}, {'startNode': {'label': 'Protein', 'name': 'beta amyloid'}, 'endNode': {'label': 'disease', 'name': "alzheimer's disease"}, 'name': 'is associated with'}, {'startNode': {'label': 'gene', 'name': 'abeta'}, 'endNode': {'label': 'Protein', 'name': 'beta amyloid'}, 'name': 'encodes'}, {'startNode': {'label': 'disease', 'name': 'cognitive decline'}, 'endNode': {'label': 'disease', 'name': "alzheimer's disease"}, 'name': 'is associated with'}, {'startNode': {'label': 'chemical', 'name': '18F-Florbetapir'}, 'endNode': {'label': 'Protein', 'name': 'beta amyloid'}, 'name': 'measures'}, {'startNode': {'label': 'chemical', 'name': '18F-MK6240'}, 'endNode': {'label': 'gene', 'name': 'tau'}, 'name': 'measures'}]}
[INFO] Verification of invented entities
[INFO] Wohoo! consine sim 0.40563078532115016 >= 0.4 Relation was matched --- [encodes] --merged --> [contributes_to] 
[INFO] Wohoo! consine sim 0.5232547883947996 >= 0.4 Relation was matched --- [measures] --merged --> [contributes_to] 
[INFO] Wohoo! consine sim 0.5232547883947996 >= 0.4 Relation was matched --- [measures] --merged --> [contributes_to] 
{'relationships': [{'startNode': {'label': 'disease', 'name': "alzheimer's disease"}, 'endNode': {'label': 'gene', 'name': 'tau'}, 'name': 'associated_with'}, {'startNode': {'label': 'disease', 'name': "alzheimer's disease"}, 'endNode': {'label': 'gene', 'name': 'abeta'}, 'name': 'associated_with'}, {'startNode': {'label': 'disease', 'name': "alzheimer's disease"}, 'endNode': {'label': 'Protein', 'name': 'beta amyloid'}, 'name': 'associated_with'}, {'startNode': {'label': 'disease', 'name': "alzheimer's disease"}, 'endNode': {'label': 'disease', 'name': 'cognitive decline'}, 'name': 'leads_to'}, {'startNode': {'label': 'disease', 'name': 'ci'}, 'endNode': {'label': 'gene', 'name': 'abeta'}, 'name': 'associated_with'}, {'startNode': {'label': 'chemical', 'name': '18F-florbetapir'}, 'endNode': {'label': 'Protein', 'name': 'beta amyloid'}, 'name': 'used_to_measure'}, {'startNode': {'label': 'chemical', 'name': '18F-MK6240'}, 'endNode': {'label': 'gene', 'name': 'tau'}, 'name': 'used_to_measure'}]}
[INFO] Verification of invented entities
[INFO] Wohoo! consine sim 0.6623773038341297 >= 0.4 Relation was matched --- [associated_with] --merged --> [contributes_to] 
[INFO] Wohoo! consine sim 0.6623773038341297 >= 0.4 Relation was matched --- [associated_with] --merged --> [contributes_to] 
[INFO] Wohoo! consine sim 0.6623773038341297 >= 0.4 Relation was matched --- [associated_with] --merged --> [contributes_to] 
[INFO] Wohoo! consine sim 0.6592233919268623 >= 0.4 Relation was matched --- [leads_to] --merged --> [contributes_to] 
[INFO] Wohoo! consine sim 0.6623773038341297 >= 0.4 Relation was matched --- [associated_with] --merged --> [contributes_to] 
[INFO] Wohoo! consine sim 0.5363973672976654 >= 0.4 Relation was matched --- [used_to_measure] --merged --> [contributes_to] 
[INFO] Wohoo! consine sim 1.0 >= 0.4 Relation was matched --- [used_to_measure] --merged --> [contributes_to] 
{'relationships': [{'startNode': {'label': 'disease', 'name': 'cognitively impaired'}, 'endNode': {'label': 'disease', 'name': "alzheimer's disease"}, 'name': 'is associated with'}, {'startNode': {'label': 'gene', 'name': 'tau'}, 'endNode': {'label': 'disease', 'name': "alzheimer's disease"}, 'name': 'is associated with'}, {'startNode': {'label': 'Protein', 'name': 'beta amyloid'}, 'endNode': {'label': 'disease', 'name': "alzheimer's disease"}, 'name': 'is associated with'}, {'startNode': {'label': 'gene', 'name': 'abeta'}, 'endNode': {'label': 'Protein', 'name': 'beta amyloid'}, 'name': 'encodes'}, {'startNode': {'label': 'disease', 'name': 'cognitive decline'}, 'endNode': {'label': 'disease', 'name': "alzheimer's disease"}, 'name': 'is associated with'}, {'startNode': {'label': 'chemical', 'name': '18F-Florbetapir'}, 'endNode': {'label': 'Protein', 'name': 'beta amyloid'}, 'name': 'measures'}, {'startNode': {'label': 'chemical', 'name': '18F-MK6240'}, 'endNode': {'label': 'gene', 'name': 'tau'}, 'name': 'measures'}]}
[INFO] Verification of invented entities
[INFO] Wohoo! consine sim 0.40563078532115016 >= 0.4 Relation was matched --- [encodes] --merged --> [contributes_to] 
[INFO] Wohoo! consine sim 0.5232547883947996 >= 0.4 Relation was matched --- [measures] --merged --> [contributes_to] 
[INFO] Wohoo! consine sim 1.0 >= 0.4 Relation was matched --- [measures] --merged --> [contributes_to] 
[INFO] ------- remove duplicate entities and relationships by unique_id {'MESH:D003072': ['ci', 'cognitive decline', 'cognitively impaired'], 'Gene ID:4137': ['tau'], 'Gene ID:351': ['abeta'], 'MESH:D000544': ["alzheimer's disease", 'ad'], 'MESH:C545186': ['18f florbetapir'], '-': ['18f mk6240']}
INFO ---- Removing isolated entities ['ad', 'ci', 'cognitive decline']
INFO --- cognitive decline added to the abstract
INFO --- neuroinflammation added to the abstract
INFO --- cognition decline added to the abstract
INFO --- AD added to the abstract
INFO --- dyslipidemia added to the abstract
INFO --- [{'gene': 'PF4'}, {'gene': 'Platelet factor 4'}, {'gene': 'Abeta'}, {'gene': 'tau'}, {'gene': 'CXCL4'}, {'gene': 'Abeta42'}, {'gene': 'APOE'}] added to the abstract
INFO --- [] added to the abstract
INFO --- [] added to the abstract
INFO --- [] added to the abstract
INFO --- [] added to the abstract
[INFO] ------- Extracting Entities from the Document 1
INFO --- alzheimer's disease add unique_id and label
INFO --- cognitive decline add unique_id and label
INFO --- neuroinflammation add unique_id and label
INFO --- cognition decline add unique_id and label
INFO --- ad add unique_id and label
INFO --- dyslipidemia add unique_id and label
INFO --- tau add unique_id and label
INFO --- pf4 add unique_id and label
INFO --- platelet factor 4 add unique_id and label
INFO --- abeta add unique_id and label
INFO --- tau add unique_id and label
INFO --- cxcl4 add unique_id and label
INFO --- abeta42 add unique_id and label
INFO --- apoe add unique_id and label
{'entities': [{'label': 'disease', 'name': "Alzheimer's disease", 'properties': {'unique_id': 'MESH:D000544'}}, {'label': 'disease', 'name': 'cognitive decline', 'properties': {'unique_id': 'MESH:D003072'}}, {'label': 'disease', 'name': 'neuroinflammation', 'properties': {'unique_id': 'MESH:D000090862'}}, {'label': 'disease', 'name': 'cognition decline', 'properties': {'unique_id': 'MESH:D003072'}}, {'label': 'disease', 'name': 'AD', 'properties': {'unique_id': 'MESH:D000544'}}, {'label': 'disease', 'name': 'dyslipidemia', 'properties': {'unique_id': 'MESH:D050171'}}, {'label': 'gene', 'name': 'Tau', 'properties': {'unique_id': 'Gene ID:4137'}}, {'label': 'gene', 'name': 'PF4', 'properties': {'unique_id': 'Gene ID:5196'}}, {'label': 'gene', 'name': 'Platelet factor 4', 'properties': {'unique_id': 'Gene ID:5196'}}, {'label': 'gene', 'name': 'Abeta', 'properties': {'unique_id': 'Gene ID:351'}}, {'label': 'gene', 'name': 'tau', 'properties': {'unique_id': 'Gene ID:4137'}}, {'label': 'gene', 'name': 'CXCL4', 'properties': {'unique_id': 'Gene ID:5196'}}, {'label': 'gene', 'name': 'Abeta42', 'properties': {'unique_id': 'Gene ID:351'}}, {'label': 'gene', 'name': 'APOE', 'properties': {'unique_id': 'Gene ID:348'}}]}
[INFO] ------- Extracting Relations from the Document 1
{'relationships': [{'startNode': {'name': 'platelet factor 4', 'label': 'gene'}, 'endNode': {'name': 'neuroinflammation', 'label': 'disease'}, 'name': 'mitigates'}, {'startNode': {'name': 'platelet factor 4', 'label': 'gene'}, 'endNode': {'name': 'cognitive decline', 'label': 'disease'}, 'name': 'correlates with'}, {'startNode': {'name': 'platelet factor 4', 'label': 'gene'}, 'endNode': {'name': 'abeta42', 'label': 'gene'}, 'name': 'positively correlated with'}, {'startNode': {'name': 'platelet factor 4', 'label': 'gene'}, 'endNode': {'name': 'tau', 'label': 'gene'}, 'name': 'negatively correlated with'}, {'startNode': {'name': 'apoe', 'label': 'gene'}, 'endNode': {'name': "Alzheimer's disease", 'label': 'disease'}, 'name': 'associated with'}, {'startNode': {'name': 'dyslipidemia', 'label': 'disease'}, 'endNode': {'name': "Alzheimer's disease", 'label': 'disease'}, 'name': 'comorbidity of'}]}
[INFO] Verification of invented entities
{'relationships': [{'startNode': {'name': 'pf4', 'label': 'gene'}, 'endNode': {'name': 'ad', 'label': 'disease'}, 'name': 'decreased_in'}, {'startNode': {'name': 'pf4', 'label': 'gene'}, 'endNode': {'name': 'cognition decline', 'label': 'disease'}, 'name': 'correlates_with'}, {'startNode': {'name': 'ad', 'label': 'disease'}, 'endNode': {'name': 'pf4', 'label': 'gene'}, 'name': 'affects_level_of'}, {'startNode': {'name': 'abeta', 'label': 'gene'}, 'endNode': {'name': 'ad', 'label': 'disease'}, 'name': 'linked_to'}, {'startNode': {'name': 'ad', 'label': 'disease'}, 'endNode': {'name': 'abeta', 'label': 'gene'}, 'name': 'involves_biomarker'}, {'startNode': {'name': 'tau', 'label': 'gene'}, 'endNode': {'name': 'ad', 'label': 'disease'}, 'name': 'linked_to'}, {'startNode': {'name': 'cognition decline', 'label': 'disease'}, 'endNode': {'name': 'ad', 'label': 'disease'}, 'name': 'associated_with'}]}
[INFO] Verification of invented entities
[INFO] Wohoo! consine sim 0.4519935515215825 >= 0.4 Relation was matched --- [decreased_in] --merged --> [comorbidity_of] 
[INFO] Wohoo! consine sim 0.5674796767326191 >= 0.4 Relation was matched --- [affects_level_of] --merged --> [comorbidity_of] 
[INFO] Wohoo! consine sim 0.5416280163374858 >= 0.4 Relation was matched --- [linked_to] --merged --> [comorbidity_of] 
[INFO] Wohoo! consine sim 0.5731112302278766 >= 0.4 Relation was matched --- [involves_biomarker] --merged --> [comorbidity_of] 
[INFO] Wohoo! consine sim 0.5416280163374858 >= 0.4 Relation was matched --- [linked_to] --merged --> [comorbidity_of] 
{'relationships': [{'startNode': {'name': 'cxcl4', 'label': 'gene'}, 'endNode': {'name': 'pf4', 'label': 'gene'}, 'name': 'is_synonymous_with'}, {'startNode': {'name': 'cxcl4', 'label': 'gene'}, 'endNode': {'name': 'platelet factor 4', 'label': 'gene'}, 'name': 'is_synonymous_with'}, {'startNode': {'name': 'pf4', 'label': 'gene'}, 'endNode': {'name': 'cognitive decline', 'label': 'Process'}, 'name': 'correlates_with'}, {'startNode': {'name': 'pf4', 'label': 'gene'}, 'endNode': {'name': "alzheimer's disease", 'label': 'disease'}, 'name': 'is_associated_with'}, {'startNode': {'name': 'pf4', 'label': 'gene'}, 'endNode': {'name': 'neuroinflammation', 'label': 'Process'}, 'name': 'mitigates'}, {'startNode': {'name': "alzheimer's disease", 'label': 'disease'}, 'endNode': {'name': 'cognitive decline', 'label': 'Process'}, 'name': 'is_associated_with'}, {'startNode': {'name': "alzheimer's disease", 'label': 'disease'}, 'endNode': {'name': 'neuroinflammation', 'label': 'Process'}, 'name': 'is_associated_with'}, {'startNode': {'name': "alzheimer's disease", 'label': 'disease'}, 'endNode': {'name': 'dyslipidemia', 'label': 'disease'}, 'name': 'has_comorbidity'}, {'startNode': {'name': 'APOE', 'label': 'gene'}, 'endNode': {'name': "alzheimer's disease", 'label': 'disease'}, 'name': 'is_associated_with'}]}
[INFO] Verification of invented entities
[INFO][INVENTED ENTITIES] Aie; the entities label='Process' name='cognitive decline' properties=EntityProperties(embeddings=None) properties_info={} is invented. Solving it ...
[INFO][INVENTED ENTITIES] Aie; the entities label='Process' name='neuroinflammation' properties=EntityProperties(embeddings=None) properties_info={} is invented. Solving it ...
[INFO][INVENTED ENTITIES] Aie; the entities label='Process' name='cognitive decline' properties=EntityProperties(embeddings=None) properties_info={} is invented. Solving it ...
[INFO][INVENTED ENTITIES] Aie; the entities label='Process' name='neuroinflammation' properties=EntityProperties(embeddings=None) properties_info={} is invented. Solving it ...
[INFO] Wohoo! consine sim 0.7725180208071714 >= 0.4 Relation was matched --- [is_synonymous_with] --merged --> [associated_with] 
[INFO] Wohoo! consine sim 0.7725180208071714 >= 0.4 Relation was matched --- [is_synonymous_with] --merged --> [associated_with] 
[INFO] Wohoo! consine sim 0.9327463706809417 >= 0.4 Relation was matched --- [is_associated_with] --merged --> [associated_with] 
[INFO] Wohoo! consine sim 0.9327463706809417 >= 0.4 Relation was matched --- [is_associated_with] --merged --> [associated_with] 
[INFO] Wohoo! consine sim 0.9327463706809417 >= 0.4 Relation was matched --- [is_associated_with] --merged --> [associated_with] 
[INFO] Wohoo! consine sim 0.6365786420173193 >= 0.4 Relation was matched --- [has_comorbidity] --merged --> [associated_with] 
[INFO] Wohoo! consine sim 0.9327463706809417 >= 0.4 Relation was matched --- [is_associated_with] --merged --> [associated_with] 
{'relationships': [{'startNode': {'name': 'abeta42', 'label': 'gene'}, 'endNode': {'name': 'abeta42', 'label': 'gene'}, 'name': 'is_related_to'}, {'startNode': {'name': 'tau', 'label': 'gene'}, 'endNode': {'name': 'tau', 'label': 'gene'}, 'name': 'is_related_to'}, {'startNode': {'name': 'abeta', 'label': 'gene'}, 'endNode': {'name': 'abeta42', 'label': 'gene'}, 'name': 'is_related_to'}, {'startNode': {'name': 'cognitive decline', 'label': 'disease'}, 'endNode': {'name': "alzheimer' disease", 'label': 'disease'}, 'name': 'is_related_to'}, {'startNode': {'name': 'tau', 'label': 'gene'}, 'endNode': {'name': 'p-tau181', 'label': 'gene'}, 'name': 'is_related_to'}, {'startNode': {'name': 'cxcl4', 'label': 'gene'}, 'endNode': {'name': 'pf4', 'label': 'gene'}, 'name': 'is_related_to'}, {'startNode': {'name': 'pf4', 'label': 'gene'}, 'endNode': {'name': 'cxcl4', 'label': 'gene'}, 'name': 'is_related_to'}]}
[INFO] Verification of invented entities
[INFO][INVENTED ENTITIES] Aie; the entities label='disease' name="alzheimer' disease" properties=EntityProperties(embeddings=None) properties_info={} is invented. Solving it ...
[INFO] Wohoo!  0.7988047797500231 >= 0.9 Entity was matched --- [alzheimer' disease:disease] --merged--> [alzheimer' disease:disease]
[INFO][INVENTED ENTITIES] Aie; the entities label='gene' name='p tau181' properties=EntityProperties(embeddings=None) properties_info={} is invented. Solving it ...
[INFO] Wohoo! consine sim 0.8072342329775328 >= 0.4 Relation was matched --- [is_related_to] --merged --> [associated_with] 
[INFO] Wohoo! consine sim 0.8072342329775328 >= 0.4 Relation was matched --- [is_related_to] --merged --> [associated_with] 
[INFO] Wohoo! consine sim 0.8072342329775328 >= 0.4 Relation was matched --- [is_related_to] --merged --> [associated_with] 
[INFO] Wohoo! consine sim 0.8072342329775328 >= 0.4 Relation was matched --- [is_related_to] --merged --> [associated_with] 
[INFO] Wohoo! consine sim 0.8072342329775328 >= 0.4 Relation was matched --- [is_related_to] --merged --> [associated_with] 
[INFO] Wohoo! consine sim 0.8072342329775328 >= 0.4 Relation was matched --- [is_related_to] --merged --> [associated_with] 
[INFO] ------- remove duplicate entities and relationships by unique_id {'Gene ID:5196': ['cxcl4', 'platelet factor 4', 'pf4'], 'Gene ID:351': ['abeta42', 'abeta'], 'Gene ID:348': ['apoe'], 'Gene ID:4137': ['tau', 'tau'], 'MESH:D003072': ['cognitive decline', 'cognition decline'], 'MESH:D000544': ["alzheimer's disease", 'ad'], 'MESH:D000090862': ['neuroinflammation'], 'MESH:D050171': ['dyslipidemia']}
INFO ---- Removing isolated entities ['abeta', 'ad', 'cognition decline', 'cxcl4', 'ad', 'pf4', 'cognition decline', 'cxcl4', 'abeta', 'ad', 'pf4', 'cognition decline', 'cxcl4', 'abeta', 'ad', 'pf4', 'cxcl4', 'abeta', 'pf4', 'cognition decline']
INFO --- AD added to the abstract
INFO --- neurodegenerative disorder added to the abstract
INFO --- loss of memory added to the abstract
INFO --- decline in cognitive abilities added to the abstract
INFO --- [{'gene': 'APOE'}, {'gene': 'ACKR2'}, {'gene': 'ATP8B4'}, {'gene': 'LAMB2'}, {'gene': 'TOMM40'}] added to the abstract
INFO --- [] added to the abstract
INFO --- [] added to the abstract
INFO --- [] added to the abstract
INFO --- [{'proteinmutation': 'V41A'}, {'proteinmutation': 'R176C'}, {'proteinmutation': 'G395S'}, {'proteinmutation': 'E987K'}, {'proteinmutation': 'R239W'}] added to the abstract
[INFO] ------- Extracting Entities from the Document 1
INFO --- alzheimer's disease add unique_id and label
INFO --- ad add unique_id and label
INFO --- neurodegenerative disorder add unique_id and label
INFO --- loss of memory add unique_id and label
INFO --- decline in cognitive abilities add unique_id and label
INFO --- apoe add unique_id and label
INFO --- ackr2 add unique_id and label
INFO --- atp8b4 add unique_id and label
INFO --- lamb2 add unique_id and label
INFO --- tomm40 add unique_id and label
INFO --- v41a add unique_id and label
INFO --- r176c add unique_id and label
INFO --- g395s add unique_id and label
INFO --- e987k add unique_id and label
INFO --- r239w add unique_id and label
{'entities': [{'label': 'disease', 'name': "Alzheimer's disease", 'properties': {'unique_id': 'MESH:D000544'}}, {'label': 'disease', 'name': 'AD', 'properties': {'unique_id': 'MESH:D000544'}}, {'label': 'disease', 'name': 'neurodegenerative disorder', 'properties': {'unique_id': 'MESH:D019636'}}, {'label': 'disease', 'name': 'loss of memory', 'properties': {'unique_id': 'MESH:D008569'}}, {'label': 'disease', 'name': 'decline in cognitive abilities', 'properties': {'unique_id': 'MESH:D003072'}}, {'label': 'gene', 'name': 'APOE', 'properties': {'unique_id': 'Gene ID:348'}}, {'label': 'gene', 'name': 'ACKR2', 'properties': {'unique_id': 'Gene ID:1238'}}, {'label': 'gene', 'name': 'ATP8B4', 'properties': {'unique_id': 'Gene ID:79895'}}, {'label': 'gene', 'name': 'LAMB2', 'properties': {'unique_id': 'Gene ID:3913'}}, {'label': 'gene', 'name': 'TOMM40', 'properties': {'unique_id': 'Gene ID:10452'}}]}
[INFO] ------- Extracting Relations from the Document 1
{'relationships': [{'startNode': {'name': 'apoe', 'label': 'gene'}, 'endNode': {'name': 'ad', 'label': 'disease'}, 'name': 'is associated with'}, {'startNode': {'name': 'ackr2', 'label': 'gene'}, 'endNode': {'name': 'ad', 'label': 'disease'}, 'name': 'is associated with'}, {'startNode': {'name': 'atp8b4', 'label': 'gene'}, 'endNode': {'name': 'ad', 'label': 'disease'}, 'name': 'is associated with'}, {'startNode': {'name': 'lamb2', 'label': 'gene'}, 'endNode': {'name': 'ad', 'label': 'disease'}, 'name': 'is associated with'}, {'startNode': {'name': 'tomm40', 'label': 'gene'}, 'endNode': {'name': 'ad', 'label': 'disease'}, 'name': 'is associated with'}, {'startNode': {'name': "alzheimer' disease", 'label': 'disease'}, 'endNode': {'name': 'neurodegenerative disorder', 'label': 'disease'}, 'name': 'is a type of'}, {'startNode': {'name': 'loss of memory', 'label': 'disease'}, 'endNode': {'name': 'ad', 'label': 'disease'}, 'name': 'is a symptom of'}, {'startNode': {'name': 'decline in cognitive abilities', 'label': 'disease'}, 'endNode': {'name': 'ad', 'label': 'disease'}, 'name': 'is a symptom of'}]}
[INFO] Verification of invented entities
[INFO][INVENTED ENTITIES] Aie; the entities label='disease' name="alzheimer' disease" properties=EntityProperties(embeddings=None) properties_info={} is invented. Solving it ...
[INFO] Wohoo!  0.4895701328460167 >= 0.9 Entity was matched --- [alzheimer' disease:disease] --merged--> [alzheimer' disease:disease]
[INFO] ------- remove duplicate entities and relationships by unique_id {'Gene ID:10452': ['tomm40'], 'Gene ID:348': ['apoe'], 'MESH:D019636': ['neurodegenerative disorder'], 'Gene ID:1238': ['ackr2'], 'MESH:D000544': ["alzheimer's disease", 'ad'], 'MESH:D003072': ['decline in cognitive abilities'], 'MESH:D008569': ['loss of memory'], 'Gene ID:79895': ['atp8b4'], 'Gene ID:3913': ['lamb2']}
INFO ---- Removing isolated entities []
INFO --- Alzheimer's disease added to the abstract
INFO --- psychosis added to the abstract
INFO --- dementia added to the abstract
INFO --- ADP added to the abstract
INFO --- falls added to the abstract
INFO --- fractures added to the abstract
INFO --- seizure added to the abstract
INFO --- epilepsy added to the abstract
INFO --- mood added to the abstract
INFO --- anxiety added to the abstract
INFO --- disorders added to the abstract
INFO --- urinary tract infections added to the abstract
INFO --- frailty added to the abstract
INFO --- [] added to the abstract
INFO --- [] added to the abstract
INFO --- [] added to the abstract
INFO --- [] added to the abstract
INFO --- [] added to the abstract
[INFO] ------- Extracting Entities from the Document 1
INFO --- falls add unique_id and label
INFO --- fractures add unique_id and label
INFO --- seizure add unique_id and label
INFO --- epilepsy add unique_id and label
INFO --- urinary tract infections add unique_id and label
INFO --- frailty add unique_id and label
{'entities': [{'label': 'Disease', 'name': "Alzheimer's disease-related psychosis (ADP)", 'properties': {}}, {'label': 'disease', 'name': 'Falls', 'properties': {'unique_id': 'MESH:C537863'}}, {'label': 'disease', 'name': 'Fractures', 'properties': {'unique_id': 'MESH:D050723'}}, {'label': 'disease', 'name': 'Seizure', 'properties': {'unique_id': 'MESH:D012640'}}, {'label': 'disease', 'name': 'Epilepsy', 'properties': {'unique_id': 'MESH:D004827'}}, {'label': 'disease', 'name': 'Urinary tract infections', 'properties': {'unique_id': 'MESH:D014552'}}, {'label': 'disease', 'name': 'Frailty', 'properties': {'unique_id': 'MESH:D000073496'}}]}
[INFO] ------- Extracting Relations from the Document 1
{'relationships': [{'startNode': {'name': "alzheimer' disease related psychosis (adp)", 'label': 'Disease'}, 'endNode': {'name': 'falls', 'label': 'disease'}, 'name': 'related to'}, {'startNode': {'name': "alzheimer' disease related psychosis (adp)", 'label': 'Disease'}, 'endNode': {'name': 'fractures', 'label': 'disease'}, 'name': 'related to'}, {'startNode': {'name': "alzheimer' disease related psychosis (adp)", 'label': 'Disease'}, 'endNode': {'name': 'epilepsy', 'label': 'disease'}, 'name': 'related to'}, {'startNode': {'name': "alzheimer' disease related psychosis (adp)", 'label': 'Disease'}, 'endNode': {'name': 'seizure', 'label': 'disease'}, 'name': 'related to'}, {'startNode': {'name': "alzheimer' disease related psychosis (adp)", 'label': 'Disease'}, 'endNode': {'name': 'urinary tract infections', 'label': 'disease'}, 'name': 'related to'}, {'startNode': {'name': "alzheimer' disease related psychosis (adp)", 'label': 'Disease'}, 'endNode': {'name': 'frailty', 'label': 'disease'}, 'name': 'related to'}]}
[INFO] Verification of invented entities
[INFO][INVENTED ENTITIES] Aie; the entities label='Disease' name="alzheimer' disease related psychosis (adp)" properties=EntityProperties(embeddings=None) properties_info={} is invented. Solving it ...
[INFO] Wohoo!  0.9985939936144539 >= 0.9 Entity was matched --- [alzheimer' disease related psychosis (adp):Disease] --merged--> [alzheimer' disease related psychosis (adp):Disease]
[INFO][INVENTED ENTITIES] Aie; the entities label='Disease' name="alzheimer' disease related psychosis (adp)" properties=EntityProperties(embeddings=None) properties_info={} is invented. Solving it ...
[INFO] Wohoo!  0.9985939936144539 >= 0.9 Entity was matched --- [alzheimer' disease related psychosis (adp):Disease] --merged--> [alzheimer' disease related psychosis (adp):Disease]
[INFO][INVENTED ENTITIES] Aie; the entities label='Disease' name="alzheimer' disease related psychosis (adp)" properties=EntityProperties(embeddings=None) properties_info={} is invented. Solving it ...
[INFO] Wohoo!  0.9985939936144539 >= 0.9 Entity was matched --- [alzheimer' disease related psychosis (adp):Disease] --merged--> [alzheimer' disease related psychosis (adp):Disease]
[INFO][INVENTED ENTITIES] Aie; the entities label='Disease' name="alzheimer' disease related psychosis (adp)" properties=EntityProperties(embeddings=None) properties_info={} is invented. Solving it ...
[INFO] Wohoo!  0.9985939936144539 >= 0.9 Entity was matched --- [alzheimer' disease related psychosis (adp):Disease] --merged--> [alzheimer' disease related psychosis (adp):Disease]
[INFO][INVENTED ENTITIES] Aie; the entities label='Disease' name="alzheimer' disease related psychosis (adp)" properties=EntityProperties(embeddings=None) properties_info={} is invented. Solving it ...
[INFO] Wohoo!  0.9985939936144539 >= 0.9 Entity was matched --- [alzheimer' disease related psychosis (adp):Disease] --merged--> [alzheimer' disease related psychosis (adp):Disease]
[INFO][INVENTED ENTITIES] Aie; the entities label='Disease' name="alzheimer' disease related psychosis (adp)" properties=EntityProperties(embeddings=None) properties_info={} is invented. Solving it ...
[INFO] Wohoo!  0.9985939936144539 >= 0.9 Entity was matched --- [alzheimer' disease related psychosis (adp):Disease] --merged--> [alzheimer' disease related psychosis (adp):Disease]
[INFO] ------- remove duplicate entities and relationships by unique_id {'MESH:D004827': ['epilepsy'], 'MESH:D014552': ['urinary tract infections'], 'MESH:D000073496': ['frailty'], 'MESH:D012640': ['seizure'], 'MESH:D050723': ['fractures'], 'MESH:C537863': ['falls']}
INFO ---- Removing isolated entities []
INFO --- Alzheimer's Disease and Related Dementias added to the abstract
INFO --- AD/ADRD added to the abstract
INFO --- ADRD disease added to the abstract
INFO --- [] added to the abstract
INFO --- [] added to the abstract
INFO --- [] added to the abstract
INFO --- [] added to the abstract
[INFO] ------- Extracting Entities from the Document 1
{'entities': [{'label': 'Disease', 'name': "Alzheimer's Disease and Related Dementias (AD/ADRD)", 'properties': {}}]}
[INFO] ------- Extracting Relations from the Document 1
{'relationships': [{'startNode': {'name': "alzheimer's disease and related dementias (ad/adrD)", 'label': 'Disease'}, 'endNode': {'name': "alzheimer's disease and related dementias (ad/adrD)", 'label': 'Disease'}, 'name': 'impacted by'}, {'startNode': {'name': "alzheimer's disease and related dementias (ad/adrD)", 'label': 'Disease'}, 'endNode': {'name': "alzheimer's disease and related dementias (ad/adrD)", 'label': 'Disease'}, 'name': 'evaluated using'}]}
[INFO] Verification of invented entities
[INFO] ------- remove duplicate entities and relationships by unique_id {}
INFO ---- Removing isolated entities []
INFO --- Alzheimer's Disease added to the abstract
INFO --- AD added to the abstract
INFO --- dementia added to the abstract
INFO --- depression added to the abstract
INFO --- dyslipidemia added to the abstract
INFO --- impaired glucose metabolism added to the abstract
INFO --- insulin resistance added to the abstract
INFO --- liver dysfunction added to the abstract
INFO --- strokes added to the abstract
INFO --- ApoE added to the abstract
INFO --- AST added to the abstract
INFO --- [] added to the abstract
INFO --- [] added to the abstract
INFO --- [{'chemical': 'bilirubin'}] added to the abstract
INFO --- [] added to the abstract
[INFO] ------- Extracting Entities from the Document 1
INFO --- alzheimer's disease add unique_id and label
INFO --- ad add unique_id and label
INFO --- dementia add unique_id and label
INFO --- depression add unique_id and label
INFO --- dyslipidemia add unique_id and label
INFO --- impaired glucose metabolism add unique_id and label
INFO --- insulin resistance add unique_id and label
INFO --- liver dysfunction add unique_id and label
INFO --- strokes add unique_id and label
INFO --- apoe add unique_id and label
INFO --- ast add unique_id and label
INFO --- bilirubin add unique_id and label
{'entities': [{'label': 'disease', 'name': "Alzheimer's disease", 'properties': {'unique_id': 'MESH:D000544'}}, {'label': 'disease', 'name': 'AD', 'properties': {'unique_id': 'MESH:D000544'}}, {'label': 'disease', 'name': 'dementia', 'properties': {'unique_id': 'MESH:D003704'}}, {'label': 'disease', 'name': 'depression', 'properties': {'unique_id': 'MESH:D003866'}}, {'label': 'disease', 'name': 'dyslipidemia', 'properties': {'unique_id': 'MESH:D050171'}}, {'label': 'disease', 'name': 'impaired glucose metabolism', 'properties': {'unique_id': 'MESH:D044882'}}, {'label': 'disease', 'name': 'insulin resistance', 'properties': {'unique_id': 'MESH:D007333'}}, {'label': 'disease', 'name': 'liver dysfunction', 'properties': {'unique_id': 'MESH:D017093'}}, {'label': 'disease', 'name': 'strokes', 'properties': {'unique_id': 'MESH:D020521'}}, {'label': 'gene', 'name': 'APP', 'properties': {}}, {'label': 'gene', 'name': 'ApoE', 'properties': {'unique_id': 'Gene ID:348'}}, {'label': 'gene', 'name': 'AST', 'properties': {'unique_id': 'Gene ID:26503'}}, {'label': 'chemical', 'name': 'bilirubin', 'properties': {'unique_id': 'MESH:D001663'}}]}
[INFO] ------- Extracting Relations from the Document 1
{'relationships': [{'startNode': {'name': "alzheimer's disease", 'label': 'disease'}, 'endNode': {'name': 'depression', 'label': 'disease'}, 'name': 'associated_with'}, {'startNode': {'name': "alzheimer's disease", 'label': 'disease'}, 'endNode': {'name': 'impaired glucose metabolism', 'label': 'disease'}, 'name': 'associated_with'}, {'startNode': {'name': "alzheimer's disease", 'label': 'disease'}, 'endNode': {'name': 'insulin resistance', 'label': 'disease'}, 'name': 'associated_with'}, {'startNode': {'name': "alzheimer's disease", 'label': 'disease'}, 'endNode': {'name': 'liver dysfunction', 'label': 'disease'}, 'name': 'associated_with'}, {'startNode': {'name': 'apoe', 'label': 'gene'}, 'endNode': {'name': "alzheimer's disease", 'label': 'disease'}, 'name': 'risk_factor_for'}, {'startNode': {'name': 'bilirubin', 'label': 'chemical'}, 'endNode': {'name': "alzheimer's disease", 'label': 'disease'}, 'name': 'biochemical_marker_in'}, {'name': 'ast', 'label': 'gene'}, {'startNode': {'name': 'strokes', 'label': 'disease'}, 'endNode': {'name': "alzheimer's disease", 'label': 'disease'}, 'name': 'associated_with'}, {'startNode': {'name': 'dyslipidemia', 'label': 'disease'}, 'endNode': {'name': "alzheimer's disease", 'label': 'disease'}, 'name': 'associated_with'}]}
[INFO] Verification of invented entities
{'relationships': [{'startNode': {'label': 'disease', 'name': 'dementia'}, 'endNode': {'label': 'disease', 'name': 'depression'}, 'name': 'associated_with'}, {'startNode': {'label': 'disease', 'name': 'dementia'}, 'endNode': {'label': 'disease', 'name': 'impaired glucose metabolism'}, 'name': 'associated_with'}, {'startNode': {'label': 'disease', 'name': 'dementia'}, 'endNode': {'label': 'disease', 'name': 'insulin resistance'}, 'name': 'associated_with'}, {'startNode': {'label': 'gene', 'name': 'ast'}, 'endNode': {'label': 'chemical', 'name': 'bilirubin'}, 'name': 'related_to'}, {'startNode': {'label': 'disease', 'name': 'ad'}, 'endNode': {'label': 'gene', 'name': 'apoe'}, 'name': 'risk_factor'}, {'startNode': {'label': 'disease', 'name': 'ad'}, 'endNode': {'label': 'disease', 'name': 'depression'}, 'name': 'associated_with'}, {'startNode': {'label': 'disease', 'name': 'ad'}, 'endNode': {'label': 'disease', 'name': 'dyslipidemia'}, 'name': 'associated_with'}, {'startNode': {'label': 'disease', 'name': 'ad'}, 'endNode': {'label': 'disease', 'name': 'impaired glucose metabolism'}, 'name': 'associated_with'}, {'startNode': {'label': 'disease', 'name': 'ad'}, 'endNode': {'label': 'disease', 'name': 'insulin resistance'}, 'name': 'associated_with'}, {'startNode': {'label': 'disease', 'name': 'ad'}, 'endNode': {'label': 'chemical', 'name': 'bilirubin'}, 'name': 'related_to'}, {'startNode': {'label': 'gene', 'name': 'app'}, 'endNode': {'label': 'disease', 'name': "alzheimer' s disease"}, 'name': 'associated_with'}]}
[INFO] Verification of invented entities
[INFO][INVENTED ENTITIES] Aie; the entities label='disease' name="alzheimer' s disease" properties=EntityProperties(embeddings=None) properties_info={} is invented. Solving it ...
[INFO] Wohoo!  0.5458611582244727 >= 0.9 Entity was matched --- [alzheimer' s disease:disease] --merged--> [alzheimer' s disease:disease]
[INFO] Wohoo! consine sim 0.8338737277764581 >= 0.4 Relation was matched --- [related_to] --merged --> [associated_with] 
[INFO] Wohoo! consine sim 0.5425350520530758 >= 0.4 Relation was matched --- [risk_factor] --merged --> [associated_with] 
[INFO] Wohoo! consine sim 0.8338737277764581 >= 0.4 Relation was matched --- [related_to] --merged --> [associated_with] 
{'relationships': [{'startNode': {'label': 'disease', 'name': 'strokes'}, 'endNode': {'label': 'disease', 'name': 'dyslipidemia'}, 'name': 'related to'}, {'startNode': {'label': 'disease', 'name': 'liver dysfunction'}, 'endNode': {'label': 'chemical', 'name': 'bilirubin'}, 'name': 'related to'}, {'startNode': {'label': 'disease', 'name': 'liver dysfunction'}, 'endNode': {'label': 'gene', 'name': 'ast'}, 'name': 'related to'}]}
[INFO] Verification of invented entities
[INFO] Wohoo! consine sim 0.8338737277764581 >= 0.4 Relation was matched --- [related_to] --merged --> [associated_with] 
[INFO] Wohoo! consine sim 0.8338737277764581 >= 0.4 Relation was matched --- [related_to] --merged --> [associated_with] 
[INFO] Wohoo! consine sim 0.8338737277764581 >= 0.4 Relation was matched --- [related_to] --merged --> [associated_with] 
{'relationships': [{'startNode': {'name': 'dementia', 'label': 'disease'}, 'endNode': {'name': 'depression', 'label': 'disease'}, 'name': 'associated_with'}, {'startNode': {'name': 'dementia', 'label': 'disease'}, 'endNode': {'name': 'impaired glucose metabolism', 'label': 'disease'}, 'name': 'associated_with'}, {'startNode': {'name': 'dementia', 'label': 'disease'}, 'endNode': {'name': 'insulin resistance', 'label': 'disease'}, 'name': 'associated_with'}, {'startNode': {'name': 'apoe', 'label': 'gene'}, 'endNode': {'name': "alzheimer's disease", 'label': 'disease'}, 'name': 'risk_factor_for'}, {'startNode': {'name': 'depression', 'label': 'disease'}, 'endNode': {'name': "alzheimer's disease", 'label': 'disease'}, 'name': 'associated_with'}, {'startNode': {'name': 'impaired glucose metabolism', 'label': 'disease'}, 'endNode': {'name': "alzheimer's disease", 'label': 'disease'}, 'name': 'associated_with'}, {'startNode': {'name': 'insulin resistance', 'label': 'disease'}, 'endNode': {'name': "alzheimer's disease", 'label': 'disease'}, 'name': 'associated_with'}, {'startNode': {'name': "alzheimer's disease", 'label': 'disease'}, 'endNode': {'name': 'bilirubin', 'label': 'biochemical'}, 'name': 'related_to'}, {'startNode': {'name': "alzheimer's disease", 'label': 'disease'}, 'endNode': {'name': 'ast', 'label': 'biochemical'}, 'name': 'related_to'}, {'startNode': {'name': 'strokes', 'label': 'disease'}, 'endNode': {'name': "alzheimer's disease", 'label': 'disease'}, 'name': 'associated_with'}]}
[INFO] Verification of invented entities
[INFO][INVENTED ENTITIES] Aie; the entities label='biochemical' name='bilirubin' properties=EntityProperties(embeddings=None) properties_info={} is invented. Solving it ...
[INFO] Wohoo!  0.5522189800086952 >= 0.9 Entity was matched --- [bilirubin:biochemical] --merged--> [bilirubin:chemical]
[INFO][INVENTED ENTITIES] Aie; the entities label='biochemical' name='ast' properties=EntityProperties(embeddings=None) properties_info={} is invented. Solving it ...
[INFO] Wohoo! consine sim 0.8338737277764581 >= 0.4 Relation was matched --- [related_to] --merged --> [associated_with] 
[INFO] Wohoo! consine sim 0.8338737277764581 >= 0.4 Relation was matched --- [related_to] --merged --> [associated_with] 
[INFO] ------- remove duplicate entities and relationships by unique_id {'MESH:D003704': ['dementia'], 'MESH:D003866': ['depression'], 'MESH:D044882': ['impaired glucose metabolism'], 'MESH:D007333': ['insulin resistance'], 'Gene ID:348': ['apoe'], 'MESH:D000544': ["alzheimer's disease", 'ad'], 'MESH:D020521': ['strokes'], 'MESH:D001663': ['bilirubin'], 'Gene ID:26503': ['ast'], 'MESH:D050171': ['dyslipidemia'], 'MESH:D017093': ['liver dysfunction']}
INFO ---- Removing isolated entities []
INFO --- cerebrovascular abnormalities added to the abstract
INFO --- glymphatic dysfunction added to the abstract
INFO --- [{'gene': 'Fibrinogen'}] added to the abstract
INFO --- [] added to the abstract
INFO --- [] added to the abstract
INFO --- [] added to the abstract
INFO --- [] added to the abstract
[INFO] ------- Extracting Entities from the Document 1
INFO --- alzheimer's disease add unique_id and label
INFO --- cerebrovascular abnormalities add unique_id and label
INFO --- glymphatic dysfunction add unique_id and label
INFO --- fibrinogen add unique_id and label
INFO --- glymphatic dysfunction add unique_id and label
INFO --- fibrinogen add unique_id and label
{'entities': [{'label': 'disease', 'name': "Alzheimer's disease", 'properties': {'unique_id': 'MESH:D000544'}}, {'label': 'disease', 'name': 'cerebrovascular abnormalities', 'properties': {'unique_id': 'MESH:D002561'}}, {'label': 'disease', 'name': 'glymphatic dysfunction', 'properties': {'unique_id': 'MESH:D006331'}}, {'label': 'gene', 'name': 'Fibrinogen', 'properties': {'unique_id': 'Gene ID:2244'}}, {'label': 'Region', 'name': 'Cerebrovascular', 'properties': {}}, {'label': 'disease', 'name': 'Glymphatic dysfunction', 'properties': {'unique_id': 'MESH:D006331'}}, {'label': 'gene', 'name': 'Fibrinogen', 'properties': {'unique_id': 'Gene ID:2244'}}]}
[INFO] ------- Extracting Relations from the Document 1
{'relationships': [{'startNode': {'name': 'fibrinogen', 'label': 'gene'}, 'endNode': {'name': 'cerebrovascular abnormalities', 'label': 'disease'}, 'name': 'contributes to'}, {'startNode': {'name': 'cerebrovascular abnormalities', 'label': 'disease'}, 'endNode': {'name': 'glymphatic dysfunction', 'label': 'disease'}, 'name': 'associated with'}, {'startNode': {'name': 'cerebrovascular abnormalities', 'label': 'disease'}, 'endNode': {'name': "alzheimer's disease", 'label': 'disease'}, 'name': 'linked to'}, {'startNode': {'name': 'glymphatic dysfunction', 'label': 'disease'}, 'endNode': {'name': "alzheimer's disease", 'label': 'disease'}, 'name': 'linked to'}]}
[INFO] Verification of invented entities
{'relationships': [{'startNode': {'label': 'gene', 'name': 'fibrinogen'}, 'endNode': {'label': 'disease', 'name': 'cerebrovascular abnormalities'}, 'name': 'is associated with'}, {'startNode': {'label': 'gene', 'name': 'fibrinogen'}, 'endNode': {'label': 'disease', 'name': 'glymphatic dysfunction'}, 'name': 'is associated with'}, {'startNode': {'label': 'disease', 'name': 'glymphatic dysfunction'}, 'endNode': {'label': 'disease', 'name': "alzheimer' s disease"}, 'name': 'contributes to'}]}
[INFO] Verification of invented entities
[INFO][INVENTED ENTITIES] Aie; the entities label='disease' name="alzheimer' s disease" properties=EntityProperties(embeddings=None) properties_info={} is invented. Solving it ...
[INFO] Wohoo!  0.7704795545071376 >= 0.9 Entity was matched --- [alzheimer' s disease:disease] --merged--> [alzheimer' s disease:disease]
[INFO] Wohoo! consine sim 0.65501061564112 >= 0.4 Relation was matched --- [is_associated_with] --merged --> [linked_to] 
[INFO] Wohoo! consine sim 0.65501061564112 >= 0.4 Relation was matched --- [is_associated_with] --merged --> [linked_to] 
{'relationships': [{'startNode': {'name': 'fibrinogen', 'label': 'gene'}, 'endNode': {'name': 'cerebrovascular abnormalities', 'label': 'disease'}, 'name': 'is involved in'}, {'startNode': {'name': 'fibrinogen', 'label': 'gene'}, 'endNode': {'name': 'glymphatic dysfunction', 'label': 'disease'}, 'name': 'is involved in'}, {'startNode': {'name': 'glymphatic dysfunction', 'label': 'disease'}, 'endNode': {'name': "alzheimer' s disease", 'label': 'disease'}, 'name': 'contributes to'}]}
[INFO] Verification of invented entities
[INFO][INVENTED ENTITIES] Aie; the entities label='disease' name="alzheimer' s disease" properties=EntityProperties(embeddings=None) properties_info={} is invented. Solving it ...
[INFO] Wohoo!  0.7704795545071376 >= 0.9 Entity was matched --- [alzheimer' s disease:disease] --merged--> [alzheimer' s disease:disease]
[INFO] Wohoo! consine sim 0.6467482292369842 >= 0.4 Relation was matched --- [is_involved_in] --merged --> [contributes_to] 
[INFO] Wohoo! consine sim 0.6467482292369842 >= 0.4 Relation was matched --- [is_involved_in] --merged --> [contributes_to] 
{'relationships': [{'startNode': {'name': 'fibrinogen', 'label': 'gene'}, 'endNode': {'name': 'cerebrovascular abnormalities', 'label': 'disease'}, 'name': 'is involved in'}, {'startNode': {'name': 'fibrinogen', 'label': 'gene'}, 'endNode': {'name': 'glymphatic dysfunction', 'label': 'disease'}, 'name': 'is involved in'}, {'startNode': {'name': 'glymphatic dysfunction', 'label': 'disease'}, 'endNode': {'name': "alzheimer' s disease", 'label': 'disease'}, 'name': 'contributes to'}]}
[INFO] Verification of invented entities
[INFO][INVENTED ENTITIES] Aie; the entities label='disease' name="alzheimer' s disease" properties=EntityProperties(embeddings=None) properties_info={} is invented. Solving it ...
[INFO] Wohoo!  0.7704795545071376 >= 0.9 Entity was matched --- [alzheimer' s disease:disease] --merged--> [alzheimer' s disease:disease]
[INFO] Wohoo! consine sim 0.6467482292369842 >= 0.4 Relation was matched --- [is_involved_in] --merged --> [contributes_to] 
[INFO] Wohoo! consine sim 0.6467482292369842 >= 0.4 Relation was matched --- [is_involved_in] --merged --> [contributes_to] 
[INFO] ------- remove duplicate entities and relationships by unique_id {'MESH:D002561': ['cerebrovascular abnormalities'], 'MESH:D006331': ['glymphatic dysfunction', 'glymphatic dysfunction'], 'MESH:D000544': ["alzheimer's disease"], 'Gene ID:2244': ['fibrinogen']}
INFO ---- Removing isolated entities ['cerebrovascular']
INFO --- Alzheimer's disease added to the abstract
INFO --- cognitive decline added to the abstract
INFO --- memory decline added to the abstract
INFO --- [] added to the abstract
INFO --- [] added to the abstract
INFO --- [] added to the abstract
INFO --- [] added to the abstract
[INFO] ------- Extracting Entities from the Document 1
INFO --- alzheimer's disease add unique_id and label
INFO --- cognitive decline add unique_id and label
INFO --- memory decline add unique_id and label
{'entities': [{'label': 'disease', 'name': "Alzheimer's disease", 'properties': {'unique_id': 'MESH:D000544'}}, {'label': 'disease', 'name': 'cognitive decline', 'properties': {'unique_id': 'MESH:D003072'}}, {'label': 'disease', 'name': 'memory decline', 'properties': {'unique_id': 'MESH:D060825'}}]}
[INFO] ------- Extracting Relations from the Document 1
{'relationships': [{'startNode': {'name': 'cognitive decline', 'label': 'disease'}, 'endNode': {'name': "alzheimer' disease", 'label': 'disease'}, 'name': 'is related to'}, {'startNode': {'name': 'memory decline', 'label': 'disease'}, 'endNode': {'name': "alzheimer' disease", 'label': 'disease'}, 'name': 'is related to'}, {'startNode': {'name': 'cognitive decline', 'label': 'disease'}, 'endNode': {'name': 'memory decline', 'label': 'disease'}, 'name': 'is related to'}]}
[INFO] Verification of invented entities
[INFO][INVENTED ENTITIES] Aie; the entities label='disease' name="alzheimer' disease" properties=EntityProperties(embeddings=None) properties_info={} is invented. Solving it ...
[INFO] Wohoo!  0.9963003252193532 >= 0.9 Entity was matched --- [alzheimer' disease:disease] --merged--> [alzheimer' disease:disease]
[INFO][INVENTED ENTITIES] Aie; the entities label='disease' name="alzheimer' disease" properties=EntityProperties(embeddings=None) properties_info={} is invented. Solving it ...
[INFO] Wohoo!  0.9963003252193532 >= 0.9 Entity was matched --- [alzheimer' disease:disease] --merged--> [alzheimer' disease:disease]
[INFO] ------- remove duplicate entities and relationships by unique_id {'MESH:D003072': ['cognitive decline'], 'MESH:D060825': ['memory decline'], 'MESH:D000544': ["alzheimer's disease"]}
INFO ---- Removing isolated entities []
INFO --- Depression added to the abstract
INFO --- Alzheimer's Disease added to the abstract
INFO --- depression added to the abstract
INFO --- Dementia added to the abstract
INFO --- cognitive decline added to the abstract
INFO --- [] added to the abstract
INFO --- [] added to the abstract
INFO --- [] added to the abstract
INFO --- [] added to the abstract
INFO --- [] added to the abstract
[INFO] ------- Extracting Entities from the Document 1
INFO --- alzheimer's disease add unique_id and label
INFO --- depression add unique_id and label
INFO --- dementia add unique_id and label
INFO --- cognitive decline add unique_id and label
{'entities': [{'label': 'disease', 'name': "Alzheimer's disease", 'properties': {'unique_id': 'MESH:D000544'}}, {'label': 'disease', 'name': 'Depression', 'properties': {'unique_id': 'MESH:D003866'}}, {'label': 'disease', 'name': 'Dementia', 'properties': {'unique_id': 'MESH:D003704'}}, {'label': 'disease', 'name': 'cognitive decline', 'properties': {'unique_id': 'MESH:D003072'}}]}
[INFO] ------- Extracting Relations from the Document 1
{'relationships': [{'startNode': {'name': "alzheimer' s disease", 'label': 'disease'}, 'endNode': {'name': 'depression', 'label': 'disease'}, 'name': 'causes'}, {'startNode': {'name': "alzheimer' s disease", 'label': 'disease'}, 'endNode': {'name': 'cognitive decline', 'label': 'disease'}, 'name': 'leads to'}, {'startNode': {'name': "alzheimer' s disease", 'label': 'disease'}, 'endNode': {'name': 'dementia', 'label': 'disease'}, 'name': 'is a type of'}]}
[INFO] Verification of invented entities
[INFO][INVENTED ENTITIES] Aie; the entities label='disease' name="alzheimer' s disease" properties=EntityProperties(embeddings=None) properties_info={} is invented. Solving it ...
[INFO] Wohoo!  1.0000000000000004 >= 0.9 Entity was matched --- [alzheimer' s disease:disease] --merged--> [alzheimer' s disease:disease]
[INFO][INVENTED ENTITIES] Aie; the entities label='disease' name="alzheimer' s disease" properties=EntityProperties(embeddings=None) properties_info={} is invented. Solving it ...
[INFO] Wohoo!  1.0000000000000004 >= 0.9 Entity was matched --- [alzheimer' s disease:disease] --merged--> [alzheimer' s disease:disease]
[INFO][INVENTED ENTITIES] Aie; the entities label='disease' name="alzheimer' s disease" properties=EntityProperties(embeddings=None) properties_info={} is invented. Solving it ...
[INFO] Wohoo!  1.0000000000000004 >= 0.9 Entity was matched --- [alzheimer' s disease:disease] --merged--> [alzheimer' s disease:disease]
[INFO] ------- remove duplicate entities and relationships by unique_id {'MESH:D003866': ['depression'], 'MESH:D003072': ['cognitive decline'], 'MESH:D003704': ['dementia'], 'MESH:D000544': ["alzheimer's disease"]}
INFO ---- Removing isolated entities []
INFO --- dementias added to the abstract
INFO --- Alzheimer added to the abstract
INFO --- [] added to the abstract
INFO --- [] added to the abstract
INFO --- [] added to the abstract
INFO --- [] added to the abstract
INFO --- [] added to the abstract
[INFO] ------- Extracting Entities from the Document 1
INFO --- alzheimer disease add unique_id and label
INFO --- dementias add unique_id and label
INFO --- alzheimer add unique_id and label
{'entities': [{'label': 'disease', 'name': 'Alzheimer disease', 'properties': {'unique_id': 'MESH:D000544'}}, {'label': 'Disease', 'name': 'related dementias', 'properties': {}}, {'label': 'disease', 'name': 'dementias', 'properties': {'unique_id': 'MESH:D003704'}}, {'label': 'disease', 'name': 'Alzheimer', 'properties': {'unique_id': 'MESH:D000544'}}]}
[INFO] ------- Extracting Relations from the Document 1
{'relationships': [{'startNode': {'name': 'alzheimer', 'label': 'disease'}, 'endNode': {'name': 'related dementias', 'label': 'Disease'}, 'name': 'associated with'}, {'startNode': {'name': 'alzheimer disease', 'label': 'disease'}, 'endNode': {'name': 'related dementias', 'label': 'Disease'}, 'name': 'associated with'}]}
[INFO] Verification of invented entities
{'relationships': [{'startNode': {'label': 'disease', 'name': 'alzheimer'}, 'endNode': {'label': 'disease', 'name': 'dementias'}, 'name': 'is a type of'}, {'startNode': {'label': 'Disease', 'name': 'related dementias'}, 'endNode': {'label': 'disease', 'name': 'alzheimer disease'}, 'name': 'is associated with'}, {'startNode': {'label': 'disease', 'name': 'dementias'}, 'endNode': {'label': 'disease', 'name': 'alzheimer disease'}, 'name': 'includes'}]}
[INFO] Verification of invented entities
[INFO] Wohoo! consine sim 0.4609741324638087 >= 0.4 Relation was matched --- [is_a_type_of] --merged --> [associated_with] 
[INFO] Wohoo! consine sim 0.9327463706809417 >= 0.4 Relation was matched --- [is_associated_with] --merged --> [associated_with] 
[INFO] Wohoo! consine sim 0.6204030241402432 >= 0.4 Relation was matched --- [includes] --merged --> [associated_with] 
[INFO] ------- remove duplicate entities and relationships by unique_id {'MESH:D000544': ['alzheimer', 'alzheimer disease'], 'MESH:D003704': ['dementias']}
INFO ---- Removing isolated entities []
INFO --- cancer added to the abstract
INFO --- AD added to the abstract
INFO --- [] added to the abstract
INFO --- [] added to the abstract
INFO --- [] added to the abstract
INFO --- [] added to the abstract
INFO --- [] added to the abstract
[INFO] ------- Extracting Entities from the Document 1
INFO --- alzheimer's disease add unique_id and label
INFO --- cancer add unique_id and label
{'entities': [{'label': 'Pathway', 'name': 'Biologic Pathways', 'properties': {}}, {'label': 'disease', 'name': "Alzheimer's Disease", 'properties': {'unique_id': 'MESH:D000544'}}, {'label': 'disease', 'name': 'Cancer', 'properties': {'unique_id': 'MESH:D009369'}}]}
[INFO] ------- Extracting Relations from the Document 1
{'relationships': [{'startNode': {'name': "alzheimer' disease", 'label': 'disease'}, 'endNode': {'name': 'biologic pathways', 'label': 'Pathway'}, 'name': 'affects'}, {'startNode': {'name': 'cancer', 'label': 'disease'}, 'endNode': {'name': 'biologic pathways', 'label': 'Pathway'}, 'name': 'affects'}]}
[INFO] Verification of invented entities
[INFO][INVENTED ENTITIES] Aie; the entities label='disease' name="alzheimer' disease" properties=EntityProperties(embeddings=None) properties_info={} is invented. Solving it ...
[INFO] Wohoo!  0.515763484000517 >= 0.9 Entity was matched --- [alzheimer' disease:disease] --merged--> [alzheimer' disease:disease]
[INFO] ------- remove duplicate entities and relationships by unique_id {'MESH:D000544': ["alzheimer's disease"], 'MESH:D009369': ['cancer']}
INFO ---- Removing isolated entities []
INFO --- neurofibrillary tangles added to the abstract
INFO --- amyloidotic lesions added to the abstract
INFO --- beta-protein added to the abstract
INFO --- [] added to the abstract
INFO --- [] added to the abstract
INFO --- [] added to the abstract
INFO --- [] added to the abstract
[INFO] ------- Extracting Entities from the Document 1
INFO --- alzheimer's disease add unique_id and label
INFO --- down syndrome add unique_id and label
INFO --- neurofibrillary tangles add unique_id and label
INFO --- amyloidotic lesions add unique_id and label
INFO --- beta-protein add unique_id and label
INFO --- beta-protein add unique_id and label
INFO --- neurofibrillary tangles add unique_id and label
{'entities': [{'label': 'disease', 'name': "Alzheimer's disease", 'properties': {'unique_id': 'MESH:D000544'}}, {'label': 'disease', 'name': 'Down syndrome', 'properties': {'unique_id': 'MESH:D004314'}}, {'label': 'disease', 'name': 'neurofibrillary tangles', 'properties': {'unique_id': 'MESH:D055956'}}, {'label': 'disease', 'name': 'amyloidotic lesions', 'properties': {'unique_id': 'MESH:D009059'}}, {'label': 'Gene', 'name': 'beta-protein gene precursor', 'properties': {}}, {'label': 'gene', 'name': 'beta-protein', 'properties': {'unique_id': 'Gene ID:7306'}}, {'label': 'gene', 'name': 'beta-protein', 'properties': {'unique_id': 'Gene ID:7306'}}, {'label': 'Protein', 'name': 'amyloid fibrils', 'properties': {}}, {'label': 'disease', 'name': 'neurofibrillary tangles', 'properties': {'unique_id': 'MESH:D055956'}}]}
[INFO] ------- Extracting Relations from the Document 1
{'relationships': [{'startNode': {'name': 'beta protein', 'label': 'gene'}, 'endNode': {'name': 'amyloid fibrils', 'label': 'Protein'}, 'name': 'part_of'}, {'startNode': {'name': 'down syndrome', 'label': 'disease'}, 'endNode': {'name': 'beta protein', 'label': 'gene'}, 'name': 'related_to'}, {'startNode': {'name': 'beta protein gene precursor', 'label': 'Gene'}, 'endNode': {'name': 'amyloidotic lesions', 'label': 'disease'}, 'name': 'related_to'}, {'startNode': {'name': "alzheimer' s disease", 'label': 'disease'}, 'endNode': {'name': 'beta protein', 'label': 'gene'}, 'name': 'located_on'}]}
[INFO] Verification of invented entities
[INFO][INVENTED ENTITIES] Aie; the entities label='disease' name="alzheimer' s disease" properties=EntityProperties(embeddings=None) properties_info={} is invented. Solving it ...
[INFO] Wohoo!  0.5770119462998806 >= 0.9 Entity was matched --- [alzheimer' s disease:disease] --merged--> [alzheimer' s disease:disease]
{'relationships': [{'startNode': {'label': 'disease', 'name': 'neurofibrillary tangles'}, 'endNode': {'label': 'disease', 'name': "alzheimer' disease"}, 'name': 'is associated with'}, {'startNode': {'label': 'disease', 'name': 'neurofibrillary tangles'}, 'endNode': {'label': 'Protein', 'name': 'amyloid fibrils'}, 'name': 'is composed of'}, {'startNode': {'label': 'disease', 'name': 'neurofibrillary tangles'}, 'endNode': {'label': 'disease', 'name': 'amyloidotic lesions'}, 'name': 'is associated with'}, {'startNode': {'label': 'disease', 'name': 'neurofibrillary tangles'}, 'endNode': {'label': 'gene', 'name': 'beta protein gene precursor'}, 'name': 'is caused by'}, {'startNode': {'label': 'disease', 'name': 'neurofibrillary tangles'}, 'endNode': {'label': 'gene', 'name': 'beta protein'}, 'name': 'is caused by'}, {'startNode': {'label': 'disease', 'name': 'down syndrome'}, 'endNode': {'label': 'disease', 'name': 'neurofibrillary tangles'}, 'name': 'is associated with'}]}
[INFO] Verification of invented entities
[INFO][INVENTED ENTITIES] Aie; the entities label='disease' name="alzheimer' disease" properties=EntityProperties(embeddings=None) properties_info={} is invented. Solving it ...
[INFO] Wohoo!  0.5707798081595998 >= 0.9 Entity was matched --- [alzheimer' disease:disease] --merged--> [alzheimer' disease:disease]
[INFO][INVENTED ENTITIES] Aie; the entities label='gene' name='beta protein gene precursor' properties=EntityProperties(embeddings=None) properties_info={} is invented. Solving it ...
[INFO] Wohoo!  0.9223699973385514 >= 0.9 Entity was matched --- [beta protein gene precursor:gene] --merged--> [beta protein gene precursor:gene]
[INFO] Wohoo! consine sim 0.5533786509772648 >= 0.4 Relation was matched --- [is_associated_with] --merged --> [located_on] 
[INFO] Wohoo! consine sim 0.49658322037384095 >= 0.4 Relation was matched --- [is_composed_of] --merged --> [located_on] 
[INFO] Wohoo! consine sim 0.5533786509772648 >= 0.4 Relation was matched --- [is_associated_with] --merged --> [located_on] 
[INFO] Wohoo! consine sim 0.589727003785774 >= 0.4 Relation was matched --- [is_caused_by] --merged --> [located_on] 
[INFO] Wohoo! consine sim 0.5533786509772648 >= 0.4 Relation was matched --- [is_associated_with] --merged --> [located_on] 
{'relationships': [{'startNode': {'label': 'gene', 'name': 'beta protein'}, 'endNode': {'label': 'Protein', 'name': 'amyloid fibrils'}, 'name': 'part_of'}, {'startNode': {'label': 'gene', 'name': 'beta protein'}, 'endNode': {'label': 'disease', 'name': 'neurofibrillary tangles'}, 'name': 'part_of'}, {'startNode': {'label': 'disease', 'name': 'down syndrome'}, 'endNode': {'label': 'gene', 'name': 'beta protein gene precursor'}, 'name': 'located_on'}, {'startNode': {'label': 'disease', 'name': "alzheimer' disease"}, 'endNode': {'label': 'disease', 'name': 'amyloidotic lesions'}, 'name': 'part_of'}, {'startNode': {'label': 'gene', 'name': 'beta protein'}, 'endNode': {'label': 'disease', 'name': 'amyloidotic lesions'}, 'name': 'part_of'}, {'startNode': {'label': 'Gene', 'name': 'beta protein gene precursor'}, 'endNode': {'label': 'gene', 'name': 'beta protein'}, 'name': 'product'}]}
[INFO] Verification of invented entities
[INFO][INVENTED ENTITIES] Aie; the entities label='gene' name='beta protein gene precursor' properties=EntityProperties(embeddings=None) properties_info={} is invented. Solving it ...
[INFO] Wohoo!  0.9223699973385514 >= 0.9 Entity was matched --- [beta protein gene precursor:gene] --merged--> [beta protein gene precursor:gene]
[INFO][INVENTED ENTITIES] Aie; the entities label='disease' name="alzheimer' disease" properties=EntityProperties(embeddings=None) properties_info={} is invented. Solving it ...
[INFO] Wohoo!  0.5707798081595998 >= 0.9 Entity was matched --- [alzheimer' disease:disease] --merged--> [alzheimer' disease:disease]
[INFO] Wohoo! consine sim 0.4866708554477952 >= 0.4 Relation was matched --- [product] --merged --> [located_on] 
[INFO] ------- remove duplicate entities and relationships by unique_id {'MESH:D004314': ['down syndrome'], 'MESH:D000544': ["alzheimer's disease"], 'MESH:D055956': ['neurofibrillary tangles'], 'MESH:D009059': ['amyloidotic lesions'], 'Gene ID:7306': ['beta protein']}
INFO ---- Removing isolated entities []
INFO --- senile dementia added to the abstract
INFO --- dementia added to the abstract
INFO --- [] added to the abstract
INFO --- [] added to the abstract
INFO --- [] added to the abstract
INFO --- [] added to the abstract
INFO --- [] added to the abstract
[INFO] ------- Extracting Entities from the Document 1
INFO --- alzheimer's disease add unique_id and label
INFO --- senile dementia add unique_id and label
INFO --- dementia add unique_id and label
{'entities': [{'label': 'disease', 'name': "Alzheimer's disease", 'properties': {'unique_id': 'MESH:D000544'}}, {'label': 'disease', 'name': 'senile dementia', 'properties': {'unique_id': 'MESH:D000544'}}, {'label': 'disease', 'name': 'dementia', 'properties': {'unique_id': 'MESH:D003704'}}]}
[INFO] ------- Extracting Relations from the Document 1
{'relationships': [{'startNode': {'name': "alzheimer's disease", 'label': 'disease'}, 'endNode': {'name': 'dementia', 'label': 'disease'}, 'name': 'is a form of'}, {'startNode': {'name': 'senile dementia', 'label': 'disease'}, 'endNode': {'name': 'dementia', 'label': 'disease'}, 'name': 'is a type of'}]}
[INFO] Verification of invented entities
[INFO] ------- remove duplicate entities and relationships by unique_id {'MESH:D003704': ['dementia'], 'MESH:D000544': ['senile dementia', "alzheimer's disease"]}
INFO ---- Removing isolated entities []
INFO --- [] added to the abstract
INFO --- [] added to the abstract
INFO --- [] added to the abstract
INFO --- [] added to the abstract
INFO --- [] added to the abstract
[INFO] ------- Extracting Entities from the Document 1
INFO --- alzheimer's disease add unique_id and label
{'entities': [{'label': 'disease', 'name': "Alzheimer's disease", 'properties': {'unique_id': 'MESH:D000544'}}]}
[INFO] ------- Extracting Relations from the Document 1
{'relationships': []}
[INFO] Verification of invented entities
{'relationships': [{'startNode': {'label': 'disease', 'name': "alzheimer' s disease"}, 'endNode': {'label': 'disease', 'name': "alzheimer' s disease"}, 'name': 'has_biological_marker'}]}
[INFO] Verification of invented entities
[INFO][INVENTED ENTITIES] Aie; the entities label='disease' name="alzheimer' s disease" properties=EntityProperties(embeddings=None) properties_info={} and label='disease' name="alzheimer' s disease" properties=EntityProperties(embeddings=None) properties_info={} are invented. Solving them ...
[INFO] Wohoo!  1.0000000000000004 >= 0.99 Entity was matched --- [alzheimer' s disease:disease] --merged--> [alzheimer' s disease:disease]
[INFO] Wohoo!  1.0000000000000004 >= 0.99 Entity was matched --- [alzheimer' s disease:disease] --merged--> [alzheimer' s disease:disease]
[INFO] ------- remove duplicate entities and relationships by unique_id {'MESH:D000544': ["alzheimer's disease"]}
INFO ---- Removing isolated entities ["alzheimer's disease"]
INFO --- Trisomy 21 added to the abstract
INFO --- [] added to the abstract
INFO --- [] added to the abstract
INFO --- [] added to the abstract
INFO --- [] added to the abstract
INFO --- [] added to the abstract
[INFO] ------- Extracting Entities from the Document 1
INFO --- alzheimer's disease add unique_id and label
INFO --- trisomy 21 add unique_id and label
{'entities': [{'label': 'disease', 'name': "Alzheimer's disease", 'properties': {'unique_id': 'MESH:D000544'}}, {'label': 'disease', 'name': 'Trisomy 21', 'properties': {'unique_id': 'MESH:D004314'}}, {'label': 'Region', 'name': 'Association neocortices', 'properties': {}}, {'label': 'Region', 'name': 'Hippocampal formation', 'properties': {}}, {'label': 'Region', 'name': 'Nucleus basalis of Meynert', 'properties': {}}, {'label': 'Region', 'name': 'Amygdaloid body', 'properties': {}}]}
[INFO] ------- Extracting Relations from the Document 1
{'relationships': [{'startNode': {'name': 'association neocortices', 'label': 'Region'}, 'endNode': {'name': "alzheimer' disease", 'label': 'disease'}, 'name': 'is_vulnerable_to'}, {'startNode': {'name': 'hippocampal formation', 'label': 'Region'}, 'endNode': {'name': "alzheimer' disease", 'label': 'disease'}, 'name': 'is_vulnerable_to'}, {'startNode': {'name': 'nucleus basalis of meynert', 'label': 'Region'}, 'endNode': {'name': "alzheimer' disease", 'label': 'disease'}, 'name': 'is_vulnerable_to'}, {'startNode': {'name': 'amygdaloid body', 'label': 'Region'}, 'endNode': {'name': "alzheimer' disease", 'label': 'disease'}, 'name': 'is_vulnerable_to'}, {'startNode': {'name': 'trisomy 21', 'label': 'disease'}, 'endNode': {'name': "alzheimer' disease", 'label': 'disease'}, 'name': 'increases_risk_of'}]}
[INFO] Verification of invented entities
[INFO][INVENTED ENTITIES] Aie; the entities label='disease' name="alzheimer' disease" properties=EntityProperties(embeddings=None) properties_info={} is invented. Solving it ...
[INFO] Wohoo!  0.7058592187520908 >= 0.9 Entity was matched --- [alzheimer' disease:disease] --merged--> [alzheimer' disease:disease]
[INFO][INVENTED ENTITIES] Aie; the entities label='disease' name="alzheimer' disease" properties=EntityProperties(embeddings=None) properties_info={} is invented. Solving it ...
[INFO] Wohoo!  0.7058592187520908 >= 0.9 Entity was matched --- [alzheimer' disease:disease] --merged--> [alzheimer' disease:disease]
[INFO][INVENTED ENTITIES] Aie; the entities label='disease' name="alzheimer' disease" properties=EntityProperties(embeddings=None) properties_info={} is invented. Solving it ...
[INFO] Wohoo!  0.7058592187520908 >= 0.9 Entity was matched --- [alzheimer' disease:disease] --merged--> [alzheimer' disease:disease]
[INFO][INVENTED ENTITIES] Aie; the entities label='disease' name="alzheimer' disease" properties=EntityProperties(embeddings=None) properties_info={} is invented. Solving it ...
[INFO] Wohoo!  0.7058592187520908 >= 0.9 Entity was matched --- [alzheimer' disease:disease] --merged--> [alzheimer' disease:disease]
[INFO][INVENTED ENTITIES] Aie; the entities label='disease' name="alzheimer' disease" properties=EntityProperties(embeddings=None) properties_info={} is invented. Solving it ...
[INFO] Wohoo!  0.7058592187520908 >= 0.9 Entity was matched --- [alzheimer' disease:disease] --merged--> [alzheimer' disease:disease]
[INFO] ------- remove duplicate entities and relationships by unique_id {'MESH:D000544': ["alzheimer's disease"], 'MESH:D004314': ['trisomy 21']}
INFO ---- Removing isolated entities []
INFO --- Alzheimer disease added to the abstract
INFO --- AD added to the abstract
INFO --- neurodegeneration added to the abstract
INFO --- cognitive impairment added to the abstract
INFO --- Parkinson added to the abstract
INFO --- cerebro-vascular diseases added to the abstract
INFO --- [{'gene': 'nociceptin'}, {'gene': 'prodynorphin'}, {'gene': 'PC2'}, {'gene': '7B2'}] added to the abstract
INFO --- [] added to the abstract
INFO --- [] added to the abstract
INFO --- [] added to the abstract
INFO --- [] added to the abstract
[INFO] ------- Extracting Entities from the Document 1
INFO --- alzheimer disease add unique_id and label
INFO --- ad add unique_id and label
INFO --- neurodegeneration add unique_id and label
INFO --- cognitive impairment add unique_id and label
INFO --- parkinson add unique_id and label
INFO --- cerebro-vascular diseases add unique_id and label
INFO --- nociceptin add unique_id and label
INFO --- prodynorphin add unique_id and label
INFO --- pc2 add unique_id and label
INFO --- 7b2 add unique_id and label
{'entities': [{'label': 'disease', 'name': 'Alzheimer disease', 'properties': {'unique_id': 'MESH:D000544'}}, {'label': 'disease', 'name': 'AD', 'properties': {'unique_id': 'MESH:D000544'}}, {'label': 'disease', 'name': 'neurodegeneration', 'properties': {'unique_id': 'MESH:D019636'}}, {'label': 'disease', 'name': 'cognitive impairment', 'properties': {'unique_id': 'MESH:D003072'}}, {'label': 'disease', 'name': 'Parkinson', 'properties': {'unique_id': 'MESH:D010302'}}, {'label': 'disease', 'name': 'cerebro-vascular diseases', 'properties': {'unique_id': 'MESH:D014652'}}, {'label': 'gene', 'name': 'nociceptin', 'properties': {'unique_id': 'Gene ID:5368'}}, {'label': 'gene', 'name': 'prodynorphin', 'properties': {'unique_id': 'Gene ID:5173'}}, {'label': 'gene', 'name': 'PC2', 'properties': {'unique_id': 'Gene ID:3854'}}, {'label': 'gene', 'name': '7B2', 'properties': {'unique_id': 'Gene ID:6447'}}]}
[INFO] ------- Extracting Relations from the Document 1
{'relationships': [{'startNode': {'name': 'dynorphin A', 'label': 'gene'}, 'endNode': {'name': 'alzheimer disease', 'label': 'disease'}, 'name': 'is involved in'}, {'startNode': {'name': 'dynorphin A', 'label': 'gene'}, 'endNode': {'name': 'neurodegeneration', 'label': 'disease'}, 'name': 'induces'}, {'startNode': {'name': 'prodynorphin', 'label': 'gene'}, 'endNode': {'name': 'pc2', 'label': 'gene'}, 'name': 'is processed by'}, {'startNode': {'name': 'pc2', 'label': 'gene'}, 'endNode': {'name': 'alzheimer disease', 'label': 'disease'}, 'name': 'levels are increased in'}]}
[INFO] Verification of invented entities
[INFO][INVENTED ENTITIES] Aie; the entities label='gene' name='dynorphin a' properties=EntityProperties(embeddings=None) properties_info={} is invented. Solving it ...
[INFO][INVENTED ENTITIES] Aie; the entities label='gene' name='dynorphin a' properties=EntityProperties(embeddings=None) properties_info={} is invented. Solving it ...
{'relationships': [{'startNode': {'name': 'alzheimer disease', 'label': 'disease'}, 'endNode': {'name': 'cognitive impairment', 'label': 'disease'}, 'name': 'causes'}, {'startNode': {'name': 'alzheimer disease', 'label': 'disease'}, 'endNode': {'name': 'neurodegeneration', 'label': 'disease'}, 'name': 'associated with'}, {'startNode': {'name': 'prodynorphin', 'label': 'gene'}, 'endNode': {'name': 'dynorphin A', 'label': 'gene'}, 'name': 'precursor of'}, {'startNode': {'name': 'pc2', 'label': 'gene'}, 'endNode': {'name': 'prodynorphin', 'label': 'gene'}, 'name': 'processes'}, {'startNode': {'name': '7b2', 'label': 'gene'}, 'endNode': {'name': 'pc2', 'label': 'gene'}, 'name': 'required for maturation of'}, {'startNode': {'name': 'dynorphin A', 'label': 'gene'}, 'endNode': {'name': 'neurodegeneration', 'label': 'disease'}, 'name': 'contributes to'}]}
[INFO] Verification of invented entities
[INFO][INVENTED ENTITIES] Aie; the entities label='gene' name='dynorphin a' properties=EntityProperties(embeddings=None) properties_info={} is invented. Solving it ...
[INFO][INVENTED ENTITIES] Aie; the entities label='gene' name='dynorphin a' properties=EntityProperties(embeddings=None) properties_info={} is invented. Solving it ...
[INFO] Wohoo! consine sim 0.5248012629974305 >= 0.4 Relation was matched --- [causes] --merged --> [levels_are_increased_in] 
[INFO] Wohoo! consine sim 0.5280819955601117 >= 0.4 Relation was matched --- [associated_with] --merged --> [levels_are_increased_in] 
[INFO] Wohoo! consine sim 0.5182511330181622 >= 0.4 Relation was matched --- [precursor_of] --merged --> [levels_are_increased_in] 
[INFO] Wohoo! consine sim 0.4861946315950183 >= 0.4 Relation was matched --- [processes] --merged --> [levels_are_increased_in] 
[INFO] Wohoo! consine sim 0.5522025994978071 >= 0.4 Relation was matched --- [required_for_maturation_of] --merged --> [levels_are_increased_in] 
[INFO] Wohoo! consine sim 0.5184867432498673 >= 0.4 Relation was matched --- [contributes_to] --merged --> [levels_are_increased_in] 
{'relationships': [{'startNode': {'label': 'disease', 'name': 'alzheimer disease'}, 'endNode': {'label': 'disease', 'name': 'neurodegeneration'}, 'name': 'linked_to'}, {'startNode': {'label': 'disease', 'name': 'alzheimer disease'}, 'endNode': {'label': 'disease', 'name': 'cognitive impairment'}, 'name': 'linked_to'}, {'startNode': {'label': 'gene', 'name': 'prodynorphin'}, 'endNode': {'label': 'gene', 'name': 'pc2'}, 'name': 'processed_by'}, {'startNode': {'label': 'gene', 'name': 'pc2'}, 'endNode': {'label': 'gene', 'name': '7b2'}, 'name': 'maturation_dependent_on'}]}
[INFO] Verification of invented entities
[INFO] Wohoo! consine sim 0.48899332483646846 >= 0.4 Relation was matched --- [linked_to] --merged --> [levels_are_increased_in] 
[INFO] Wohoo! consine sim 0.48899332483646846 >= 0.4 Relation was matched --- [linked_to] --merged --> [levels_are_increased_in] 
[INFO] Wohoo! consine sim 0.4861926758538198 >= 0.4 Relation was matched --- [processed_by] --merged --> [levels_are_increased_in] 
[INFO] Wohoo! consine sim 0.5022273116610534 >= 0.4 Relation was matched --- [maturation_dependent_on] --merged --> [levels_are_increased_in] 
{'relationships': [{'startNode': {'label': 'disease', 'name': 'alzheimer disease'}, 'endNode': {'label': 'disease', 'name': 'cognitive impairment'}, 'name': 'linked to'}, {'startNode': {'label': 'disease', 'name': 'alzheimer disease'}, 'endNode': {'label': 'disease', 'name': 'neurodegeneration'}, 'name': 'linked to'}, {'startNode': {'label': 'gene', 'name': 'prodynorphin'}, 'endNode': {'label': 'disease', 'name': 'alzheimer disease'}, 'name': 'related to'}, {'startNode': {'label': 'gene', 'name': 'pc2'}, 'endNode': {'label': 'disease', 'name': 'alzheimer disease'}, 'name': 'linked to'}]}
[INFO] Verification of invented entities
[INFO] Wohoo! consine sim 0.48899332483646846 >= 0.4 Relation was matched --- [linked_to] --merged --> [levels_are_increased_in] 
[INFO] Wohoo! consine sim 0.48899332483646846 >= 0.4 Relation was matched --- [linked_to] --merged --> [levels_are_increased_in] 
[INFO] Wohoo! consine sim 0.5006381035482851 >= 0.4 Relation was matched --- [related_to] --merged --> [levels_are_increased_in] 
[INFO] Wohoo! consine sim 0.48899332483646846 >= 0.4 Relation was matched --- [linked_to] --merged --> [levels_are_increased_in] 
[INFO] ------- remove duplicate entities and relationships by unique_id {'MESH:D003072': ['cognitive impairment'], 'MESH:D019636': ['neurodegeneration'], 'Gene ID:5173': ['prodynorphin'], 'MESH:D010302': ['parkinson'], 'Gene ID:3854': ['pc2'], 'MESH:D014652': ['cerebro vascular diseases'], 'MESH:D000544': ['alzheimer disease', 'ad'], 'Gene ID:6447': ['7b2'], 'Gene ID:5368': ['nociceptin']}
INFO ---- Removing isolated entities ['parkinson', 'cerebro vascular diseases', 'parkinson', 'cerebro vascular diseases', 'nociceptin', 'nociceptin']
INFO --- [] added to the abstract
INFO --- [] added to the abstract
INFO --- [] added to the abstract
INFO --- [] added to the abstract
INFO --- [] added to the abstract
[INFO] ------- Extracting Entities from the Document 1
INFO --- alzheimer's disease add unique_id and label
{'entities': [{'label': 'disease', 'name': "Alzheimer's disease", 'properties': {'unique_id': 'MESH:D000544'}}]}
[INFO] ------- Extracting Relations from the Document 1
{'relationships': []}
[INFO] Verification of invented entities
{'relationships': []}
[INFO] Verification of invented entities
{'relationships': []}
[INFO] Verification of invented entities
{'relationships': []}
[INFO] Verification of invented entities
[INFO] ------- remove duplicate entities and relationships by unique_id {'MESH:D000544': ["alzheimer's disease"]}
INFO ---- Removing isolated entities ["alzheimer's disease"]
Error in parsing the instance Title: Secretase as a target for Alzheimer's disease.
Abstract: The amyloid-beta peptide (Abeta) is the major protein component of the characteristic cerebral plaques of Alzheimer s disease (AD), and a large body of evidence supports a pathogenic role for this peptide. Thus, the proteases beta- and gamma-secretase that are responsible for carving Abeta out of its precursor protein are considered prime targets for therapeutic design. beta-Secretase is a membrane-anchored aspartyl protease of the pepsin family, while gamma-secretase is much more complex. gamma-Secretase requires presenilin, a multipass membrane protein that is the site of dozens of missense mutations that alter Abeta formation and cause hereditary AD. Two conserved aspartates in presenilin are required for gamma-secretase activity, and aspartyl protease transition-state analogue inhibitors of gamma-secretase bind directly to presenilins, strong evidence that presenilin is the catalytic component of a novel membrane aspartyl protease. gamma-Secretase appears to be a multi-component complex of integral membrane proteins, and so far presenilin and a single-pass membrane protein called nicastrin have been identified as members of this complex. A closely similar or identical protease activity is essential for a signaling pathway critical for embryogenesis and hematopoiesis, raising concerns about gamma-secretase as a target. The development of potent and selective inhibitors with good pharmacokinetic properties may soon address these concerns.
.
Traceback (most recent call last):
  File "/home/jovyan/my_code/itext2kg/abstract2KG.py", line 80, in <module>
    main(PUTATOR_PATH, JSON_PATH, OUTPUT_PATH, PMID)
  File "/home/jovyan/my_code/itext2kg/abstract2KG.py", line 39, in main
    distilled_1 = document_distiller.distill(documents=[context], IE_query=IE_query, output_data_structure=DiseaseArticle)
  File "/home/jovyan/my_code/itext2kg/itext2kg/documents_distiller/documents_distiller.py", line 73, in distill
    return DocumentsDistiller.__combine_dicts(output_jsons)
  File "/home/jovyan/my_code/itext2kg/itext2kg/documents_distiller/documents_distiller.py", line 33, in __combine_dicts
    for key, value in d.items():
AttributeError: 'NoneType' object has no attribute 'items'
